<?xml version="1.0" encoding="UTF-8"?>
<coverage generated="1745508573">
  <project timestamp="1745508573">
    <package name="App\Http\Controllers">
      <file name="/var/www/app/Http/Controllers/CategoryController.php">
        <class name="App\Http\Controllers\CategoryController" namespace="App\Http\Controllers">
          <metrics complexity="6" methods="4" coveredmethods="2" conditionals="0" coveredconditionals="0" statements="24" coveredstatements="18" elements="28" coveredelements="20"/>
        </class>
        <line num="11" type="method" name="index" visibility="public" complexity="1" crap="1" count="2"/>
        <line num="13" type="stmt" count="2"/>
        <line num="16" type="method" name="store" visibility="public" complexity="1" crap="1" count="2"/>
        <line num="18" type="stmt" count="2"/>
        <line num="19" type="stmt" count="2"/>
        <line num="20" type="stmt" count="2"/>
        <line num="22" type="stmt" count="1"/>
        <line num="23" type="stmt" count="1"/>
        <line num="24" type="stmt" count="1"/>
        <line num="26" type="stmt" count="1"/>
        <line num="29" type="method" name="update" visibility="public" complexity="2" crap="2.29" count="1"/>
        <line num="32" type="stmt" count="1"/>
        <line num="33" type="stmt" count="1"/>
        <line num="34" type="stmt" count="1"/>
        <line num="35" type="stmt" count="1"/>
        <line num="37" type="stmt" count="1"/>
        <line num="39" type="stmt" count="1"/>
        <line num="40" type="stmt" count="1"/>
        <line num="43" type="stmt" count="0"/>
        <line num="44" type="stmt" count="0"/>
        <line num="45" type="stmt" count="0"/>
        <line num="46" type="stmt" count="0"/>
        <line num="48" type="stmt" count="0"/>
        <line num="51" type="method" name="show" visibility="public" complexity="2" crap="2.06" count="1"/>
        <line num="53" type="stmt" count="1"/>
        <line num="55" type="stmt" count="1"/>
        <line num="56" type="stmt" count="1"/>
        <line num="58" type="stmt" count="0"/>
        <metrics loc="61" ncloc="61" classes="1" methods="4" coveredmethods="2" conditionals="0" coveredconditionals="0" statements="24" coveredstatements="18" elements="28" coveredelements="20"/>
      </file>
      <file name="/var/www/app/Http/Controllers/Controller.php">
        <class name="App\Http\Controllers\Controller" namespace="App\Http\Controllers">
          <metrics complexity="0" methods="0" coveredmethods="0" conditionals="0" coveredconditionals="0" statements="0" coveredstatements="0" elements="0" coveredelements="0"/>
        </class>
        <metrics loc="9" ncloc="8" classes="0" methods="0" coveredmethods="0" conditionals="0" coveredconditionals="0" statements="0" coveredstatements="0" elements="0" coveredelements="0"/>
      </file>
      <file name="/var/www/app/Http/Controllers/ProductController.php">
        <class name="App\Http\Controllers\ProductController" namespace="App\Http\Controllers">
          <metrics complexity="6" methods="5" coveredmethods="0" conditionals="0" coveredconditionals="0" statements="10" coveredstatements="0" elements="15" coveredelements="0"/>
        </class>
        <line num="14" type="method" name="index" visibility="public" complexity="1" crap="2" count="0"/>
        <line num="16" type="stmt" count="0"/>
        <line num="22" type="method" name="store" visibility="public" complexity="1" crap="2" count="0"/>
        <line num="24" type="stmt" count="0"/>
        <line num="25" type="stmt" count="0"/>
        <line num="31" type="method" name="show" visibility="public" complexity="1" crap="2" count="0"/>
        <line num="33" type="stmt" count="0"/>
        <line num="39" type="method" name="update" visibility="public" complexity="1" crap="2" count="0"/>
        <line num="41" type="stmt" count="0"/>
        <line num="42" type="stmt" count="0"/>
        <line num="48" type="method" name="destroy" visibility="public" complexity="2" crap="6" count="0"/>
        <line num="50" type="stmt" count="0"/>
        <line num="51" type="stmt" count="0"/>
        <line num="54" type="stmt" count="0"/>
        <line num="56" type="stmt" count="0"/>
        <metrics loc="59" ncloc="43" classes="1" methods="5" coveredmethods="0" conditionals="0" coveredconditionals="0" statements="10" coveredstatements="0" elements="15" coveredelements="0"/>
      </file>
    </package>
    <package name="App\Models">
      <file name="/var/www/app/Models/Category.php">
        <class name="App\Models\Category" namespace="App\Models">
          <metrics complexity="1" methods="1" coveredmethods="0" conditionals="0" coveredconditionals="0" statements="1" coveredstatements="0" elements="2" coveredelements="0"/>
        </class>
        <line num="14" type="method" name="products" visibility="public" complexity="1" crap="2" count="0"/>
        <line num="16" type="stmt" count="0"/>
        <metrics loc="19" ncloc="19" classes="1" methods="1" coveredmethods="0" conditionals="0" coveredconditionals="0" statements="1" coveredstatements="0" elements="2" coveredelements="0"/>
      </file>
      <file name="/var/www/app/Models/Product.php">
        <class name="App\Models\Product" namespace="App\Models">
          <metrics complexity="3" methods="3" coveredmethods="0" conditionals="0" coveredconditionals="0" statements="3" coveredstatements="0" elements="6" coveredelements="0"/>
        </class>
        <line num="32" type="method" name="getManufacturingDateAttribute" visibility="public" complexity="1" crap="2" count="0"/>
        <line num="34" type="stmt" count="0"/>
        <line num="37" type="method" name="getExpirationDateAttribute" visibility="public" complexity="1" crap="2" count="0"/>
        <line num="39" type="stmt" count="0"/>
        <line num="42" type="method" name="category" visibility="public" complexity="1" crap="2" count="0"/>
        <line num="44" type="stmt" count="0"/>
        <metrics loc="47" ncloc="47" classes="1" methods="3" coveredmethods="0" conditionals="0" coveredconditionals="0" statements="3" coveredstatements="0" elements="6" coveredelements="0"/>
      </file>
      <file name="/var/www/app/Models/User.php">
        <class name="App\Models\User" namespace="App\Models">
          <metrics complexity="1" methods="1" coveredmethods="0" conditionals="0" coveredconditionals="0" statements="4" coveredstatements="0" elements="5" coveredelements="0"/>
        </class>
        <line num="41" type="method" name="casts" visibility="protected" complexity="1" crap="2" count="0"/>
        <line num="43" type="stmt" count="0"/>
        <line num="44" type="stmt" count="0"/>
        <line num="45" type="stmt" count="0"/>
        <line num="46" type="stmt" count="0"/>
        <metrics loc="49" ncloc="32" classes="1" methods="1" coveredmethods="0" conditionals="0" coveredconditionals="0" statements="4" coveredstatements="0" elements="5" coveredelements="0"/>
      </file>
    </package>
    <package name="App\Providers">
      <file name="/var/www/app/Providers/AppServiceProvider.php">
        <class name="App\Providers\AppServiceProvider" namespace="App\Providers">
          <metrics complexity="2" methods="2" coveredmethods="2" conditionals="0" coveredconditionals="0" statements="2" coveredstatements="2" elements="4" coveredelements="4"/>
        </class>
        <line num="12" type="method" name="register" visibility="public" complexity="1" crap="1" count="8"/>
        <line num="15" type="stmt" count="8"/>
        <line num="20" type="method" name="boot" visibility="public" complexity="1" crap="1" count="8"/>
        <line num="23" type="stmt" count="8"/>
        <metrics loc="25" ncloc="17" classes="1" methods="2" coveredmethods="2" conditionals="0" coveredconditionals="0" statements="2" coveredstatements="2" elements="4" coveredelements="4"/>
      </file>
    </package>
    <metrics files="7" loc="269" ncloc="227" classes="6" methods="16" coveredmethods="4" conditionals="0" coveredconditionals="0" statements="44" coveredstatements="20" elements="60" coveredelements="24"/>
  </project>
</coverage>
